2025-03-19 17:48:17,855 INFO: MongoDB connection successful [in C:\Users\USER\Documents\reuben\Privacy_Assessment_Tool\assessment_project\my_app.py:71]
2025-03-19 17:48:18,065 INFO: Starting application... [in C:\Users\USER\Documents\reuben\Privacy_Assessment_Tool\assessment_project\my_app.py:989]
2025-03-19 17:48:23,690 INFO: MongoDB connection successful [in C:\Users\USER\Documents\reuben\Privacy_Assessment_Tool\assessment_project\my_app.py:71]
2025-03-19 17:48:23,818 INFO: Starting application... [in C:\Users\USER\Documents\reuben\Privacy_Assessment_Tool\assessment_project\my_app.py:989]
2025-03-19 17:48:24,577 INFO: Client connected [in C:\Users\USER\Documents\reuben\Privacy_Assessment_Tool\assessment_project\my_app.py:516]
2025-03-19 17:48:27,911 INFO: Client connected [in C:\Users\USER\Documents\reuben\Privacy_Assessment_Tool\assessment_project\my_app.py:516]
2025-03-19 17:49:34,973 INFO: MongoDB connection successful [in C:\Users\USER\Documents\reuben\Privacy_Assessment_Tool\assessment_project\my_app.py:71]
2025-03-19 17:49:35,146 INFO: Starting application... [in C:\Users\USER\Documents\reuben\Privacy_Assessment_Tool\assessment_project\my_app.py:989]
2025-03-19 17:49:35,416 INFO: Debug: Scan found: {'target': 'https://example.com/', 'scan_id': '67dad94da6dc92bccb42b304', 'status': 'running', 'timestamp': datetime.datetime(2025, 3, 19, 14, 48, 45, 621000)} [in C:\Users\USER\Documents\reuben\Privacy_Assessment_Tool\assessment_project\my_app.py:322]
2025-03-19 17:49:35,433 INFO: Client connected [in C:\Users\USER\Documents\reuben\Privacy_Assessment_Tool\assessment_project\my_app.py:516]
2025-03-19 17:49:35,742 INFO: Debug: Scan found: {'target': 'https://example.com/', 'scan_id': '67dad94da6dc92bccb42b304', 'status': 'running', 'timestamp': datetime.datetime(2025, 3, 19, 14, 48, 45, 621000)} [in C:\Users\USER\Documents\reuben\Privacy_Assessment_Tool\assessment_project\my_app.py:322]
2025-03-19 17:49:40,763 INFO: Debug: Scan found: {'target': 'https://example.com/', 'scan_id': '67dad94da6dc92bccb42b304', 'status': 'running', 'timestamp': datetime.datetime(2025, 3, 19, 14, 48, 45, 621000)} [in C:\Users\USER\Documents\reuben\Privacy_Assessment_Tool\assessment_project\my_app.py:322]
2025-03-19 17:49:49,321 INFO: MongoDB connection successful [in C:\Users\USER\Documents\reuben\Privacy_Assessment_Tool\assessment_project\my_app.py:71]
2025-03-19 17:49:49,567 INFO: Starting application... [in C:\Users\USER\Documents\reuben\Privacy_Assessment_Tool\assessment_project\my_app.py:989]
2025-03-19 17:49:49,927 INFO: Debug: Searching for scan_id 67dad94da6dc92bccb42b304 in MongoDB... [in C:\Users\USER\Documents\reuben\Privacy_Assessment_Tool\assessment_project\my_app.py:315]
2025-03-19 17:49:49,933 INFO: Debug: Scan found: {'target': 'https://example.com/', 'scan_id': '67dad94da6dc92bccb42b304', 'status': 'running', 'timestamp': datetime.datetime(2025, 3, 19, 14, 48, 45, 621000)} [in C:\Users\USER\Documents\reuben\Privacy_Assessment_Tool\assessment_project\my_app.py:322]
2025-03-19 17:49:49,992 INFO: Client connected [in C:\Users\USER\Documents\reuben\Privacy_Assessment_Tool\assessment_project\my_app.py:516]
2025-03-19 17:49:50,685 INFO: Debug: Searching for scan_id 67dad94da6dc92bccb42b304 in MongoDB... [in C:\Users\USER\Documents\reuben\Privacy_Assessment_Tool\assessment_project\my_app.py:315]
2025-03-19 17:49:50,690 INFO: Debug: Scan found: {'target': 'https://example.com/', 'scan_id': '67dad94da6dc92bccb42b304', 'status': 'running', 'timestamp': datetime.datetime(2025, 3, 19, 14, 48, 45, 621000)} [in C:\Users\USER\Documents\reuben\Privacy_Assessment_Tool\assessment_project\my_app.py:322]
2025-03-19 17:49:55,669 INFO: Debug: Searching for scan_id 67dad94da6dc92bccb42b304 in MongoDB... [in C:\Users\USER\Documents\reuben\Privacy_Assessment_Tool\assessment_project\my_app.py:315]
2025-03-19 17:49:55,672 INFO: Debug: Scan found: {'target': 'https://example.com/', 'scan_id': '67dad94da6dc92bccb42b304', 'status': 'running', 'timestamp': datetime.datetime(2025, 3, 19, 14, 48, 45, 621000)} [in C:\Users\USER\Documents\reuben\Privacy_Assessment_Tool\assessment_project\my_app.py:322]
2025-03-19 17:50:00,682 INFO: Debug: Searching for scan_id 67dad94da6dc92bccb42b304 in MongoDB... [in C:\Users\USER\Documents\reuben\Privacy_Assessment_Tool\assessment_project\my_app.py:315]
2025-03-19 17:50:00,684 INFO: Debug: Scan found: {'target': 'https://example.com/', 'scan_id': '67dad94da6dc92bccb42b304', 'status': 'running', 'timestamp': datetime.datetime(2025, 3, 19, 14, 48, 45, 621000)} [in C:\Users\USER\Documents\reuben\Privacy_Assessment_Tool\assessment_project\my_app.py:322]
2025-03-19 17:50:05,710 INFO: Debug: Searching for scan_id 67dad94da6dc92bccb42b304 in MongoDB... [in C:\Users\USER\Documents\reuben\Privacy_Assessment_Tool\assessment_project\my_app.py:315]
2025-03-19 17:50:05,713 INFO: Debug: Scan found: {'target': 'https://example.com/', 'scan_id': '67dad94da6dc92bccb42b304', 'status': 'running', 'timestamp': datetime.datetime(2025, 3, 19, 14, 48, 45, 621000)} [in C:\Users\USER\Documents\reuben\Privacy_Assessment_Tool\assessment_project\my_app.py:322]
2025-03-19 17:50:10,674 INFO: Debug: Searching for scan_id 67dad94da6dc92bccb42b304 in MongoDB... [in C:\Users\USER\Documents\reuben\Privacy_Assessment_Tool\assessment_project\my_app.py:315]
2025-03-19 17:50:10,676 INFO: Debug: Scan found: {'target': 'https://example.com/', 'scan_id': '67dad94da6dc92bccb42b304', 'status': 'running', 'timestamp': datetime.datetime(2025, 3, 19, 14, 48, 45, 621000)} [in C:\Users\USER\Documents\reuben\Privacy_Assessment_Tool\assessment_project\my_app.py:322]
2025-03-19 17:50:15,704 INFO: Debug: Searching for scan_id 67dad94da6dc92bccb42b304 in MongoDB... [in C:\Users\USER\Documents\reuben\Privacy_Assessment_Tool\assessment_project\my_app.py:315]
2025-03-19 17:50:15,709 INFO: Debug: Scan found: {'target': 'https://example.com/', 'scan_id': '67dad94da6dc92bccb42b304', 'status': 'running', 'timestamp': datetime.datetime(2025, 3, 19, 14, 48, 45, 621000)} [in C:\Users\USER\Documents\reuben\Privacy_Assessment_Tool\assessment_project\my_app.py:322]
2025-03-19 17:50:20,695 INFO: Debug: Searching for scan_id 67dad94da6dc92bccb42b304 in MongoDB... [in C:\Users\USER\Documents\reuben\Privacy_Assessment_Tool\assessment_project\my_app.py:315]
2025-03-19 17:50:20,700 INFO: Debug: Scan found: {'target': 'https://example.com/', 'scan_id': '67dad94da6dc92bccb42b304', 'status': 'running', 'timestamp': datetime.datetime(2025, 3, 19, 14, 48, 45, 621000)} [in C:\Users\USER\Documents\reuben\Privacy_Assessment_Tool\assessment_project\my_app.py:322]
2025-03-19 17:50:25,708 INFO: Debug: Searching for scan_id 67dad94da6dc92bccb42b304 in MongoDB... [in C:\Users\USER\Documents\reuben\Privacy_Assessment_Tool\assessment_project\my_app.py:315]
2025-03-19 17:50:25,712 INFO: Debug: Scan found: {'target': 'https://example.com/', 'scan_id': '67dad94da6dc92bccb42b304', 'status': 'running', 'timestamp': datetime.datetime(2025, 3, 19, 14, 48, 45, 621000)} [in C:\Users\USER\Documents\reuben\Privacy_Assessment_Tool\assessment_project\my_app.py:322]
2025-03-19 17:50:30,686 INFO: Debug: Searching for scan_id 67dad94da6dc92bccb42b304 in MongoDB... [in C:\Users\USER\Documents\reuben\Privacy_Assessment_Tool\assessment_project\my_app.py:315]
2025-03-19 17:50:30,690 INFO: Debug: Scan found: {'target': 'https://example.com/', 'scan_id': '67dad94da6dc92bccb42b304', 'status': 'running', 'timestamp': datetime.datetime(2025, 3, 19, 14, 48, 45, 621000)} [in C:\Users\USER\Documents\reuben\Privacy_Assessment_Tool\assessment_project\my_app.py:322]
2025-03-19 17:50:35,711 INFO: Debug: Searching for scan_id 67dad94da6dc92bccb42b304 in MongoDB... [in C:\Users\USER\Documents\reuben\Privacy_Assessment_Tool\assessment_project\my_app.py:315]
2025-03-19 17:50:35,715 INFO: Debug: Scan found: {'target': 'https://example.com/', 'scan_id': '67dad94da6dc92bccb42b304', 'status': 'running', 'timestamp': datetime.datetime(2025, 3, 19, 14, 48, 45, 621000)} [in C:\Users\USER\Documents\reuben\Privacy_Assessment_Tool\assessment_project\my_app.py:322]
2025-03-19 17:50:40,693 INFO: Debug: Searching for scan_id 67dad94da6dc92bccb42b304 in MongoDB... [in C:\Users\USER\Documents\reuben\Privacy_Assessment_Tool\assessment_project\my_app.py:315]
2025-03-19 17:50:40,698 INFO: Debug: Scan found: {'target': 'https://example.com/', 'scan_id': '67dad94da6dc92bccb42b304', 'status': 'running', 'timestamp': datetime.datetime(2025, 3, 19, 14, 48, 45, 621000)} [in C:\Users\USER\Documents\reuben\Privacy_Assessment_Tool\assessment_project\my_app.py:322]
2025-03-19 17:50:45,709 INFO: Debug: Searching for scan_id 67dad94da6dc92bccb42b304 in MongoDB... [in C:\Users\USER\Documents\reuben\Privacy_Assessment_Tool\assessment_project\my_app.py:315]
2025-03-19 17:50:45,713 INFO: Debug: Scan found: {'target': 'https://example.com/', 'scan_id': '67dad94da6dc92bccb42b304', 'status': 'running', 'timestamp': datetime.datetime(2025, 3, 19, 14, 48, 45, 621000)} [in C:\Users\USER\Documents\reuben\Privacy_Assessment_Tool\assessment_project\my_app.py:322]
2025-03-19 17:50:50,696 INFO: Debug: Searching for scan_id 67dad94da6dc92bccb42b304 in MongoDB... [in C:\Users\USER\Documents\reuben\Privacy_Assessment_Tool\assessment_project\my_app.py:315]
2025-03-19 17:50:50,700 INFO: Debug: Scan found: {'target': 'https://example.com/', 'scan_id': '67dad94da6dc92bccb42b304', 'status': 'running', 'timestamp': datetime.datetime(2025, 3, 19, 14, 48, 45, 621000)} [in C:\Users\USER\Documents\reuben\Privacy_Assessment_Tool\assessment_project\my_app.py:322]
2025-03-19 17:50:55,711 INFO: Debug: Searching for scan_id 67dad94da6dc92bccb42b304 in MongoDB... [in C:\Users\USER\Documents\reuben\Privacy_Assessment_Tool\assessment_project\my_app.py:315]
2025-03-19 17:51:06,323 INFO: Debug: Searching for scan_id 67dad94da6dc92bccb42b304 in MongoDB... [in C:\Users\USER\Documents\reuben\Privacy_Assessment_Tool\assessment_project\my_app.py:315]
